2014/05/17 16:17:45 INFO  - jmeter.util.JMeterUtils: Setting Locale to en_US 
2014/05/17 16:17:45 INFO  - jmeter.JMeter: Loading user properties from: /Users/cteolotitla/Projects/paris/workspace/paris-jmeter/target/jmeter/bin/user.properties 
2014/05/17 16:17:45 INFO  - jmeter.JMeter: Loading system properties from: /Users/cteolotitla/Projects/paris/workspace/paris-jmeter/target/jmeter/bin/system.properties 
2014/05/17 16:17:45 WARN  - jmeter.JMeter: LogLevel: DEBUG 
2014/05/17 16:17:45 INFO  - jmeter.JMeter: Copyright (c) 1998-2013 The Apache Software Foundation 
2014/05/17 16:17:45 INFO  - jmeter.JMeter: Version 2.9 r1437961 
2014/05/17 16:17:45 INFO  - jmeter.JMeter: java.version=1.7.0_55 
2014/05/17 16:17:45 INFO  - jmeter.JMeter: java.vm.name=Java HotSpot(TM) 64-Bit Server VM 
2014/05/17 16:17:45 INFO  - jmeter.JMeter: os.name=Mac OS X 
2014/05/17 16:17:45 INFO  - jmeter.JMeter: os.arch=x86_64 
2014/05/17 16:17:45 INFO  - jmeter.JMeter: os.version=10.9.2 
2014/05/17 16:17:45 INFO  - jmeter.JMeter: file.encoding=UTF-8 
2014/05/17 16:17:45 INFO  - jmeter.JMeter: Default Locale=English (United States) 
2014/05/17 16:17:45 INFO  - jmeter.JMeter: JMeter  Locale=English (United States) 
2014/05/17 16:17:45 INFO  - jmeter.JMeter: JMeterHome=/Users/cteolotitla/Projects/paris/workspace/paris-jmeter/target/jmeter 
2014/05/17 16:17:45 INFO  - jmeter.JMeter: user.dir  =/Users/cteolotitla/Projects/paris/workspace/paris-jmeter/target/jmeter/bin 
2014/05/17 16:17:45 INFO  - jmeter.JMeter: PWD       =/Users/cteolotitla/Projects/paris/workspace/paris-jmeter/target/jmeter/bin 
2014/05/17 16:17:45 INFO  - jmeter.JMeter: IP: 10.11.12.1 Name: mifhcteoloti-m1.local FullName: 10.11.12.1 
2014/05/17 16:17:45 INFO  - jmeter.JMeter: Loaded icon properties from org/apache/jmeter/images/icon.properties 
2014/05/17 16:17:46 INFO  - jmeter.engine.util.CompoundVariable: Note: Function class names must contain the string: '.functions.' 
2014/05/17 16:17:46 INFO  - jmeter.engine.util.CompoundVariable: Note: Function class names must not contain the string: '.gui.' 
2014/05/17 16:17:46 FATAL - jmeter.JMeter: An error occurred:  java.lang.NoClassDefFoundError: org/apache/commons/logging/LogFactory
	at org.apache.commons.jexl2.JexlEngine$UberspectHolder.<clinit>(JexlEngine.java:129)
	at org.apache.commons.jexl2.JexlEngine.getUberspect(JexlEngine.java:217)
	at org.apache.commons.jexl2.JexlEngine.<init>(JexlEngine.java:195)
	at org.apache.commons.jexl2.JexlEngine.<init>(JexlEngine.java:183)
	at org.apache.jmeter.functions.Jexl2Function.<clinit>(Jexl2Function.java:52)
	at java.lang.Class.forName0(Native Method)
	at java.lang.Class.forName(Class.java:190)
	at org.apache.jmeter.engine.util.CompoundVariable.<clinit>(CompoundVariable.java:76)
	at org.apache.jmeter.functions.gui.FunctionHelper.initializeFunctionList(FunctionHelper.java:121)
	at org.apache.jmeter.functions.gui.FunctionHelper.init(FunctionHelper.java:99)
	at org.apache.jmeter.functions.gui.FunctionHelper.<init>(FunctionHelper.java:69)
	at org.apache.jmeter.gui.action.CreateFunctionDialog.<init>(CreateFunctionDialog.java:37)
	at sun.reflect.NativeConstructorAccessorImpl.newInstance0(Native Method)
	at sun.reflect.NativeConstructorAccessorImpl.newInstance(NativeConstructorAccessorImpl.java:57)
	at sun.reflect.DelegatingConstructorAccessorImpl.newInstance(DelegatingConstructorAccessorImpl.java:45)
	at java.lang.reflect.Constructor.newInstance(Constructor.java:526)
	at java.lang.Class.newInstance(Class.java:374)
	at org.apache.jmeter.gui.action.ActionRouter.populateCommandMap(ActionRouter.java:274)
	at org.apache.jmeter.gui.action.ActionRouter.getInstance(ActionRouter.java:301)
	at org.apache.jmeter.JMeter.startGui(JMeter.java:229)
	at org.apache.jmeter.JMeter.start(JMeter.java:378)
	at sun.reflect.NativeMethodAccessorImpl.invoke0(Native Method)
	at sun.reflect.NativeMethodAccessorImpl.invoke(NativeMethodAccessorImpl.java:57)
	at sun.reflect.DelegatingMethodAccessorImpl.invoke(DelegatingMethodAccessorImpl.java:43)
	at java.lang.reflect.Method.invoke(Method.java:606)
	at org.apache.jmeter.NewDriver.main(NewDriver.java:218)
	at com.lazerycode.jmeter.JMeterGUIMojo.execute(JMeterGUIMojo.java:38)
	at org.apache.maven.plugin.DefaultBuildPluginManager.executeMojo(DefaultBuildPluginManager.java:133)
	at org.apache.maven.lifecycle.internal.MojoExecutor.execute(MojoExecutor.java:208)
	at org.apache.maven.lifecycle.internal.MojoExecutor.execute(MojoExecutor.java:153)
	at org.apache.maven.lifecycle.internal.MojoExecutor.execute(MojoExecutor.java:145)
	at org.apache.maven.lifecycle.internal.LifecycleModuleBuilder.buildProject(LifecycleModuleBuilder.java:108)
	at org.apache.maven.lifecycle.internal.LifecycleModuleBuilder.buildProject(LifecycleModuleBuilder.java:76)
	at org.apache.maven.lifecycle.internal.builder.singlethreaded.SingleThreadedBuilder.build(SingleThreadedBuilder.java:51)
	at org.apache.maven.lifecycle.internal.LifecycleStarter.execute(LifecycleStarter.java:116)
	at org.apache.maven.DefaultMaven.doExecute(DefaultMaven.java:361)
	at org.apache.maven.DefaultMaven.execute(DefaultMaven.java:155)
	at org.apache.maven.cli.MavenCli.execute(MavenCli.java:584)
	at org.apache.maven.cli.MavenCli.doMain(MavenCli.java:213)
	at org.apache.maven.cli.MavenCli.main(MavenCli.java:157)
	at sun.reflect.NativeMethodAccessorImpl.invoke0(Native Method)
	at sun.reflect.NativeMethodAccessorImpl.invoke(NativeMethodAccessorImpl.java:57)
	at sun.reflect.DelegatingMethodAccessorImpl.invoke(DelegatingMethodAccessorImpl.java:43)
	at java.lang.reflect.Method.invoke(Method.java:606)
	at org.codehaus.plexus.classworlds.launcher.Launcher.launchEnhanced(Launcher.java:289)
	at org.codehaus.plexus.classworlds.launcher.Launcher.launch(Launcher.java:229)
	at org.codehaus.plexus.classworlds.launcher.Launcher.mainWithExitCode(Launcher.java:415)
	at org.codehaus.plexus.classworlds.launcher.Launcher.main(Launcher.java:356)
Caused by: java.lang.ClassNotFoundException: org.apache.commons.logging.LogFactory
	at java.net.URLClassLoader$1.run(URLClassLoader.java:366)
	at java.net.URLClassLoader$1.run(URLClassLoader.java:355)
	at java.security.AccessController.doPrivileged(Native Method)
	at java.net.URLClassLoader.findClass(URLClassLoader.java:354)
	at java.lang.ClassLoader.loadClass(ClassLoader.java:425)
	at java.lang.ClassLoader.loadClass(ClassLoader.java:358)
	... 48 more

